Mon Nov 05 23:56:54 EST 2018 : Apache Derby 网络服务器 - 10.11.1.2 - (1629631) 已启动并准备接受端口 1527 上的连接
----------------------------------------------------------------
Mon Nov 05 23:56:54 EST 2018:
正在使用类加载程序 sun.misc.Launcher$AppClassLoader@1d44bcfa 引导数据库
目录 C:\Users\zhime\OneDrive - University of Pittsburgh\Courses\INFSCI 2560 Web Technologies and Standards\assignments\3\SimpleServlet_MVC\dbms\luozm 中的 Derby 版本 The Apache Software Foundation - Apache Derby - 10.11.1.2 - (1629631) 实例 a816c00e-0166-e761-6f91-0000349e6e39
已从 file:/D:/Program%20Files/Java/jdk1.8.0_151/db/lib/derby.jar 加载
java.vendor=Oracle Corporation
java.runtime.version=1.8.0_151-b12
user.dir=D:\Program Files\Java\jdk1.8.0_151\db
os.name=Windows 10
os.arch=amd64
os.version=10.0
derby.system.home=C:\Users\zhime\OneDrive - University of Pittsburgh\Courses\INFSCI 2560 Web Technologies and Standards\assignments\3\SimpleServlet_MVC\dbms
数据库类加载程序已启动 - derby.database.classpath=''
----------------------------------------------------------------
Tue Nov 06 00:00:04 EST 2018：正在关闭 Derby 引擎
----------------------------------------------------------------
Tue Nov 06 00:00:04 EST 2018:
正在使用类加载程序 sun.misc.Launcher$AppClassLoader@1d44bcfa 关闭数据库目录 C:\Users\zhime\OneDrive - University of Pittsburgh\Courses\INFSCI 2560 Web Technologies and Standards\assignments\3\SimpleServlet_MVC\dbms\luozm 上的实例 a816c00e-0166-e761-6f91-0000349e6e39
----------------------------------------------------------------
